Started GET "/" for ::1 at 2022-09-28 08:26:12 +0300
  
ActiveRecord::ConnectionNotEstablished (connection to server at "localhost" (::1), port 5432 failed: fe_sendauth: no password supplied
):
  
activerecord (7.0.4) lib/active_record/connection_adapters/postgresql_adapter.rb:87:in `rescue in new_client'
activerecord (7.0.4) lib/active_record/connection_adapters/postgresql_adapter.rb:77:in `new_client'
activerecord (7.0.4) lib/active_record/connection_adapters/postgresql_adapter.rb:37:in `postgresql_connection'
activerecord (7.0.4) lib/active_record/connection_adapters/abstract/connection_pool.rb:656:in `public_send'
activerecord (7.0.4) lib/active_record/connection_adapters/abstract/connection_pool.rb:656:in `new_connection'
activerecord (7.0.4) lib/active_record/connection_adapters/abstract/connection_pool.rb:700:in `checkout_new_connection'
activerecord (7.0.4) lib/active_record/connection_adapters/abstract/connection_pool.rb:679:in `try_to_checkout_new_connection'
activerecord (7.0.4) lib/active_record/connection_adapters/abstract/connection_pool.rb:640:in `acquire_connection'
activerecord (7.0.4) lib/active_record/connection_adapters/abstract/connection_pool.rb:341:in `checkout'
activerecord (7.0.4) lib/active_record/connection_adapters/abstract/connection_pool.rb:181:in `connection'
activerecord (7.0.4) lib/active_record/connection_adapters/abstract/connection_handler.rb:211:in `retrieve_connection'
activerecord (7.0.4) lib/active_record/connection_handling.rb:313:in `retrieve_connection'
activerecord (7.0.4) lib/active_record/connection_handling.rb:280:in `connection'
activerecord (7.0.4) lib/active_record/migration.rb:613:in `connection'
activerecord (7.0.4) lib/active_record/migration.rb:608:in `build_watcher'
activerecord (7.0.4) lib/active_record/migration.rb:590:in `block in call'
activerecord (7.0.4) lib/active_record/migration.rb:589:in `synchronize'
activerecord (7.0.4) lib/active_record/migration.rb:589:in `call'
actionpack (7.0.4) lib/action_dispatch/middleware/callbacks.rb:27:in `block in call'
activesupport (7.0.4) lib/active_support/callbacks.rb:99:in `run_callbacks'
actionpack (7.0.4) lib/action_dispatch/middleware/callbacks.rb:26:in `call'
actionpack (7.0.4) lib/action_dispatch/middleware/executor.rb:14:in `call'
actionpack (7.0.4) lib/action_dispatch/middleware/actionable_exceptions.rb:17:in `call'
actionpack (7.0.4) lib/action_dispatch/middleware/debug_exceptions.rb:28:in `call'
web-console (4.2.0) lib/web_console/middleware.rb:132:in `call_app'
web-console (4.2.0) lib/web_console/middleware.rb:28:in `block in call'
web-console (4.2.0) lib/web_console/middleware.rb:17:in `catch'
web-console (4.2.0) lib/web_console/middleware.rb:17:in `call'
actionpack (7.0.4) lib/action_dispatch/middleware/show_exceptions.rb:26:in `call'
railties (7.0.4) lib/rails/rack/logger.rb:40:in `call_app'
railties (7.0.4) lib/rails/rack/logger.rb:25:in `block in call'
activesupport (7.0.4) lib/active_support/tagged_logging.rb:99:in `block in tagged'
activesupport (7.0.4) lib/active_support/tagged_logging.rb:37:in `tagged'
activesupport (7.0.4) lib/active_support/tagged_logging.rb:99:in `tagged'
railties (7.0.4) lib/rails/rack/logger.rb:25:in `call'
sprockets-rails (3.4.2) lib/sprockets/rails/quiet_assets.rb:13:in `call'
actionpack (7.0.4) lib/action_dispatch/middleware/remote_ip.rb:93:in `call'
actionpack (7.0.4) lib/action_dispatch/middleware/request_id.rb:26:in `call'
rack (2.2.4) lib/rack/method_override.rb:24:in `call'
rack (2.2.4) lib/rack/runtime.rb:22:in `call'
activesupport (7.0.4) lib/active_support/cache/strategy/local_cache_middleware.rb:29:in `call'
actionpack (7.0.4) lib/action_dispatch/middleware/server_timing.rb:61:in `block in call'
actionpack (7.0.4) lib/action_dispatch/middleware/server_timing.rb:26:in `collect_events'
actionpack (7.0.4) lib/action_dispatch/middleware/server_timing.rb:60:in `call'
actionpack (7.0.4) lib/action_dispatch/middleware/executor.rb:14:in `call'
actionpack (7.0.4) lib/action_dispatch/middleware/static.rb:23:in `call'
rack (2.2.4) lib/rack/sendfile.rb:110:in `call'
actionpack (7.0.4) lib/action_dispatch/middleware/host_authorization.rb:137:in `call'
railties (7.0.4) lib/rails/engine.rb:530:in `call'
puma (5.6.5) lib/puma/configuration.rb:252:in `call'
puma (5.6.5) lib/puma/request.rb:77:in `block in handle_request'
puma (5.6.5) lib/puma/thread_pool.rb:340:in `with_force_shutdown'
puma (5.6.5) lib/puma/request.rb:76:in `handle_request'
puma (5.6.5) lib/puma/server.rb:443:in `process_client'
puma (5.6.5) lib/puma/thread_pool.rb:147:in `block in spawn_thread'
Started GET "/" for 127.0.0.1 at 2022-09-28 08:26:51 +0300
  
ActiveRecord::ConnectionNotEstablished (connection to server at "localhost" (::1), port 5432 failed: fe_sendauth: no password supplied
):
  
activerecord (7.0.4) lib/active_record/connection_adapters/postgresql_adapter.rb:87:in `rescue in new_client'
activerecord (7.0.4) lib/active_record/connection_adapters/postgresql_adapter.rb:77:in `new_client'
activerecord (7.0.4) lib/active_record/connection_adapters/postgresql_adapter.rb:37:in `postgresql_connection'
activerecord (7.0.4) lib/active_record/connection_adapters/abstract/connection_pool.rb:656:in `public_send'
activerecord (7.0.4) lib/active_record/connection_adapters/abstract/connection_pool.rb:656:in `new_connection'
activerecord (7.0.4) lib/active_record/connection_adapters/abstract/connection_pool.rb:700:in `checkout_new_connection'
activerecord (7.0.4) lib/active_record/connection_adapters/abstract/connection_pool.rb:679:in `try_to_checkout_new_connection'
activerecord (7.0.4) lib/active_record/connection_adapters/abstract/connection_pool.rb:640:in `acquire_connection'
activerecord (7.0.4) lib/active_record/connection_adapters/abstract/connection_pool.rb:341:in `checkout'
activerecord (7.0.4) lib/active_record/connection_adapters/abstract/connection_pool.rb:181:in `connection'
activerecord (7.0.4) lib/active_record/connection_adapters/abstract/connection_handler.rb:211:in `retrieve_connection'
activerecord (7.0.4) lib/active_record/connection_handling.rb:313:in `retrieve_connection'
activerecord (7.0.4) lib/active_record/connection_handling.rb:280:in `connection'
activerecord (7.0.4) lib/active_record/migration.rb:613:in `connection'
activerecord (7.0.4) lib/active_record/migration.rb:608:in `build_watcher'
activerecord (7.0.4) lib/active_record/migration.rb:590:in `block in call'
activerecord (7.0.4) lib/active_record/migration.rb:589:in `synchronize'
activerecord (7.0.4) lib/active_record/migration.rb:589:in `call'
actionpack (7.0.4) lib/action_dispatch/middleware/callbacks.rb:27:in `block in call'
activesupport (7.0.4) lib/active_support/callbacks.rb:99:in `run_callbacks'
actionpack (7.0.4) lib/action_dispatch/middleware/callbacks.rb:26:in `call'
actionpack (7.0.4) lib/action_dispatch/middleware/executor.rb:14:in `call'
actionpack (7.0.4) lib/action_dispatch/middleware/actionable_exceptions.rb:17:in `call'
actionpack (7.0.4) lib/action_dispatch/middleware/debug_exceptions.rb:28:in `call'
web-console (4.2.0) lib/web_console/middleware.rb:132:in `call_app'
web-console (4.2.0) lib/web_console/middleware.rb:28:in `block in call'
web-console (4.2.0) lib/web_console/middleware.rb:17:in `catch'
web-console (4.2.0) lib/web_console/middleware.rb:17:in `call'
actionpack (7.0.4) lib/action_dispatch/middleware/show_exceptions.rb:26:in `call'
railties (7.0.4) lib/rails/rack/logger.rb:40:in `call_app'
railties (7.0.4) lib/rails/rack/logger.rb:25:in `block in call'
activesupport (7.0.4) lib/active_support/tagged_logging.rb:99:in `block in tagged'
activesupport (7.0.4) lib/active_support/tagged_logging.rb:37:in `tagged'
activesupport (7.0.4) lib/active_support/tagged_logging.rb:99:in `tagged'
railties (7.0.4) lib/rails/rack/logger.rb:25:in `call'
sprockets-rails (3.4.2) lib/sprockets/rails/quiet_assets.rb:13:in `call'
actionpack (7.0.4) lib/action_dispatch/middleware/remote_ip.rb:93:in `call'
actionpack (7.0.4) lib/action_dispatch/middleware/request_id.rb:26:in `call'
rack (2.2.4) lib/rack/method_override.rb:24:in `call'
rack (2.2.4) lib/rack/runtime.rb:22:in `call'
activesupport (7.0.4) lib/active_support/cache/strategy/local_cache_middleware.rb:29:in `call'
actionpack (7.0.4) lib/action_dispatch/middleware/server_timing.rb:61:in `block in call'
actionpack (7.0.4) lib/action_dispatch/middleware/server_timing.rb:26:in `collect_events'
actionpack (7.0.4) lib/action_dispatch/middleware/server_timing.rb:60:in `call'
actionpack (7.0.4) lib/action_dispatch/middleware/executor.rb:14:in `call'
actionpack (7.0.4) lib/action_dispatch/middleware/static.rb:23:in `call'
rack (2.2.4) lib/rack/sendfile.rb:110:in `call'
actionpack (7.0.4) lib/action_dispatch/middleware/host_authorization.rb:137:in `call'
railties (7.0.4) lib/rails/engine.rb:530:in `call'
puma (5.6.5) lib/puma/configuration.rb:252:in `call'
puma (5.6.5) lib/puma/request.rb:77:in `block in handle_request'
puma (5.6.5) lib/puma/thread_pool.rb:340:in `with_force_shutdown'
puma (5.6.5) lib/puma/request.rb:76:in `handle_request'
puma (5.6.5) lib/puma/server.rb:443:in `process_client'
puma (5.6.5) lib/puma/thread_pool.rb:147:in `block in spawn_thread'
Started GET "/" for 127.0.0.1 at 2022-09-28 08:29:45 +0300
  
ActiveRecord::ConnectionNotEstablished (connection to server at "::1", port 5432 failed: server closed the connection unexpectedly
	This probably means the server terminated abnormally
	before or while processing the request.
):
  
activerecord (7.0.4) lib/active_record/connection_adapters/postgresql_adapter.rb:87:in `rescue in new_client'
activerecord (7.0.4) lib/active_record/connection_adapters/postgresql_adapter.rb:77:in `new_client'
activerecord (7.0.4) lib/active_record/connection_adapters/postgresql_adapter.rb:37:in `postgresql_connection'
activerecord (7.0.4) lib/active_record/connection_adapters/abstract/connection_pool.rb:656:in `public_send'
activerecord (7.0.4) lib/active_record/connection_adapters/abstract/connection_pool.rb:656:in `new_connection'
activerecord (7.0.4) lib/active_record/connection_adapters/abstract/connection_pool.rb:700:in `checkout_new_connection'
activerecord (7.0.4) lib/active_record/connection_adapters/abstract/connection_pool.rb:679:in `try_to_checkout_new_connection'
activerecord (7.0.4) lib/active_record/connection_adapters/abstract/connection_pool.rb:640:in `acquire_connection'
activerecord (7.0.4) lib/active_record/connection_adapters/abstract/connection_pool.rb:341:in `checkout'
activerecord (7.0.4) lib/active_record/connection_adapters/abstract/connection_pool.rb:181:in `connection'
activerecord (7.0.4) lib/active_record/connection_adapters/abstract/connection_handler.rb:211:in `retrieve_connection'
activerecord (7.0.4) lib/active_record/connection_handling.rb:313:in `retrieve_connection'
activerecord (7.0.4) lib/active_record/connection_handling.rb:280:in `connection'
activerecord (7.0.4) lib/active_record/migration.rb:613:in `connection'
activerecord (7.0.4) lib/active_record/migration.rb:608:in `build_watcher'
activerecord (7.0.4) lib/active_record/migration.rb:590:in `block in call'
activerecord (7.0.4) lib/active_record/migration.rb:589:in `synchronize'
activerecord (7.0.4) lib/active_record/migration.rb:589:in `call'
actionpack (7.0.4) lib/action_dispatch/middleware/callbacks.rb:27:in `block in call'
activesupport (7.0.4) lib/active_support/callbacks.rb:99:in `run_callbacks'
actionpack (7.0.4) lib/action_dispatch/middleware/callbacks.rb:26:in `call'
actionpack (7.0.4) lib/action_dispatch/middleware/executor.rb:14:in `call'
actionpack (7.0.4) lib/action_dispatch/middleware/actionable_exceptions.rb:17:in `call'
actionpack (7.0.4) lib/action_dispatch/middleware/debug_exceptions.rb:28:in `call'
web-console (4.2.0) lib/web_console/middleware.rb:132:in `call_app'
web-console (4.2.0) lib/web_console/middleware.rb:28:in `block in call'
web-console (4.2.0) lib/web_console/middleware.rb:17:in `catch'
web-console (4.2.0) lib/web_console/middleware.rb:17:in `call'
actionpack (7.0.4) lib/action_dispatch/middleware/show_exceptions.rb:26:in `call'
railties (7.0.4) lib/rails/rack/logger.rb:40:in `call_app'
railties (7.0.4) lib/rails/rack/logger.rb:25:in `block in call'
activesupport (7.0.4) lib/active_support/tagged_logging.rb:99:in `block in tagged'
activesupport (7.0.4) lib/active_support/tagged_logging.rb:37:in `tagged'
activesupport (7.0.4) lib/active_support/tagged_logging.rb:99:in `tagged'
railties (7.0.4) lib/rails/rack/logger.rb:25:in `call'
sprockets-rails (3.4.2) lib/sprockets/rails/quiet_assets.rb:13:in `call'
actionpack (7.0.4) lib/action_dispatch/middleware/remote_ip.rb:93:in `call'
actionpack (7.0.4) lib/action_dispatch/middleware/request_id.rb:26:in `call'
rack (2.2.4) lib/rack/method_override.rb:24:in `call'
rack (2.2.4) lib/rack/runtime.rb:22:in `call'
activesupport (7.0.4) lib/active_support/cache/strategy/local_cache_middleware.rb:29:in `call'
actionpack (7.0.4) lib/action_dispatch/middleware/server_timing.rb:61:in `block in call'
actionpack (7.0.4) lib/action_dispatch/middleware/server_timing.rb:26:in `collect_events'
actionpack (7.0.4) lib/action_dispatch/middleware/server_timing.rb:60:in `call'
actionpack (7.0.4) lib/action_dispatch/middleware/executor.rb:14:in `call'
actionpack (7.0.4) lib/action_dispatch/middleware/static.rb:23:in `call'
rack (2.2.4) lib/rack/sendfile.rb:110:in `call'
actionpack (7.0.4) lib/action_dispatch/middleware/host_authorization.rb:137:in `call'
railties (7.0.4) lib/rails/engine.rb:530:in `call'
puma (5.6.5) lib/puma/configuration.rb:252:in `call'
puma (5.6.5) lib/puma/request.rb:77:in `block in handle_request'
puma (5.6.5) lib/puma/thread_pool.rb:340:in `with_force_shutdown'
puma (5.6.5) lib/puma/request.rb:76:in `handle_request'
puma (5.6.5) lib/puma/server.rb:443:in `process_client'
puma (5.6.5) lib/puma/thread_pool.rb:147:in `block in spawn_thread'
Started GET "/" for 127.0.0.1 at 2022-09-28 08:33:05 +0300
Processing by ApplicationController#hello as HTML
Completed 500 Internal Server Error in 198ms (ActiveRecord: 0.0ms | Allocations: 6162)


  
ActionView::MissingTemplate (Missing template application/hello with {:locale=>[:en], :formats=>[:html], :variants=>[], :handlers=>[:raw, :erb, :html, :builder, :ruby, :jbuilder]}.

Searched in:
  * "C:/Ruby/hello_app/app/views"
  * "C:/Ruby27-x64/lib/ruby/gems/2.7.0/gems/actiontext-7.0.4/app/views"
  * "C:/Ruby27-x64/lib/ruby/gems/2.7.0/gems/actionmailbox-7.0.4/app/views"

Did you mean?  rails/conductor/action_mailbox/inbound_emails/new
               rails/conductor/action_mailbox/inbound_emails/sources/new
               rails/conductor/action_mailbox/inbound_emails/show
               layouts/rails/conductor
               layouts/mailer
               layouts/application):
  
app/controllers/application_controller.rb:7:in `hello'
Started GET "/" for 127.0.0.1 at 2022-09-28 08:33:45 +0300
Processing by ApplicationController#hello as HTML
  Rendering text template
  Rendered text template (Duration: 0.1ms | Allocations: 5)
Completed 200 OK in 53ms (Views: 44.9ms | ActiveRecord: 0.0ms | Allocations: 815)


Started GET "/" for 127.0.0.1 at 2022-09-28 08:48:47 +0300
Processing by ApplicationController#hello as HTML
  Rendering text template
  Rendered text template (Duration: 0.1ms | Allocations: 6)
Completed 200 OK in 85ms (Views: 28.3ms | ActiveRecord: 0.0ms | Allocations: 3777)


  [1m[35m (96.5ms)[0m  [1m[35mCREATE TABLE "schema_migrations" ("version" character varying NOT NULL PRIMARY KEY)[0m
  [1m[35m (17.0ms)[0m  [1m[35mCREATE TABLE "ar_internal_metadata" ("key" character varying NOT NULL PRIMARY KEY, "value" character varying, "created_at" timestamp(6) NOT NULL, "updated_at" timestamp(6) NOT NULL)[0m
  [1m[35m (2.8ms)[0m  [1m[34mSELECT pg_try_advisory_lock(714079268577760680)[0m
  [1m[36mActiveRecord::SchemaMigration Pluck (4.1ms)[0m  [1m[34mSELECT "schema_migrations"."version" FROM "schema_migrations" ORDER BY "schema_migrations"."version" ASC[0m
Migrating to CreateUsers (20220928055146)
  [1m[36mTRANSACTION (0.6ms)[0m  [1m[35mBEGIN[0m
  [1m[35m (32.9ms)[0m  [1m[35mCREATE TABLE "users" ("id" bigserial primary key, "name" character varying, "email" character varying, "created_at" timestamp(6) NOT NULL, "updated_at" timestamp(6) NOT NULL)[0m
  [1m[36mActiveRecord::SchemaMigration Create (5.4ms)[0m  [1m[32mINSERT INTO "schema_migrations" ("version") VALUES ($1) RETURNING "version"[0m  [["version", "20220928055146"]]
  [1m[36mTRANSACTION (1.0ms)[0m  [1m[35mCOMMIT[0m
  [1m[36mActiveRecord::InternalMetadata Load (1.9ms)[0m  [1m[34mSELECT "ar_internal_metadata".* FROM "ar_internal_metadata" WHERE "ar_internal_metadata"."key" = $1 LIMIT $2[0m  [["key", "environment"], ["LIMIT", 1]]
  [1m[36mTRANSACTION (0.3ms)[0m  [1m[35mBEGIN[0m
  [1m[36mActiveRecord::InternalMetadata Create (3.0ms)[0m  [1m[32mINSERT INTO "ar_internal_metadata" ("key", "value", "created_at", "updated_at") VALUES ($1, $2, $3, $4) RETURNING "key"[0m  [["key", "environment"], ["value", "development"], ["created_at", "2022-09-28 05:52:45.083089"], ["updated_at", "2022-09-28 05:52:45.083089"]]
  [1m[36mTRANSACTION (0.6ms)[0m  [1m[35mCOMMIT[0m
  [1m[35m (0.5ms)[0m  [1m[34mSELECT pg_advisory_unlock(714079268577760680)[0m
  [1m[36mActiveRecord::SchemaMigration Pluck (4.3ms)[0m  [1m[34mSELECT "schema_migrations"."version" FROM "schema_migrations" ORDER BY "schema_migrations"."version" ASC[0m
Started GET "/" for 127.0.0.1 at 2022-09-28 08:53:50 +0300
  [1m[36mActiveRecord::SchemaMigration Pluck (3.6ms)[0m  [1m[34mSELECT "schema_migrations"."version" FROM "schema_migrations" ORDER BY "schema_migrations"."version" ASC[0m
Processing by ApplicationController#hello as HTML
  Rendering text template
  Rendered text template (Duration: 0.1ms | Allocations: 6)
Completed 200 OK in 93ms (Views: 37.2ms | ActiveRecord: 0.0ms | Allocations: 3792)


Started GET "/" for 127.0.0.1 at 2022-09-28 08:54:35 +0300
Processing by UsersController#index as HTML
  Rendering layout layouts/application.html.erb
  Rendering users/index.html.erb within layouts/application
  [1m[36mUser Load (3.3ms)[0m  [1m[34mSELECT "users".* FROM "users"[0m
  ↳ app/views/users/index.html.erb:6
  Rendered users/index.html.erb within layouts/application (Duration: 20.7ms | Allocations: 1215)
  Rendered layout layouts/application.html.erb (Duration: 1662.8ms | Allocations: 87362)
Completed 500 Internal Server Error in 1769ms (ActiveRecord: 3.3ms | Allocations: 89605)


  
ActionView::Template::Error (Permission denied @ rb_file_s_rename - (C:/Ruby/hello_app/tmp/cache/assets/sprockets/v4.0.0/UA/UAqy9rLxcNyPiL2TrCz1hbSYUQZwyg_e7iqW-YeOD_w.cache.31300.12344.479035, C:/Ruby/hello_app/tmp/cache/assets/sprockets/v4.0.0/UA/UAqy9rLxcNyPiL2TrCz1hbSYUQZwyg_e7iqW-YeOD_w.cache)):
  
sprockets (4.1.1) lib/sprockets/path_utils.rb:362:in `rename'
sprockets (4.1.1) lib/sprockets/path_utils.rb:362:in `atomic_write'
sprockets (4.1.1) lib/sprockets/cache/file_store.rb:112:in `set'
sprockets (4.1.1) lib/sprockets/cache.rb:227:in `set'
sprockets (4.1.1) lib/sprockets/cache.rb:143:in `set'
sprockets (4.1.1) lib/sprockets/loader.rb:263:in `store_asset'
sprockets (4.1.1) lib/sprockets/loader.rb:226:in `load_from_unloaded'
sprockets (4.1.1) lib/sprockets/loader.rb:59:in `block in load'
sprockets (4.1.1) lib/sprockets/loader.rb:337:in `fetch_asset_from_dependency_cache'
sprockets (4.1.1) lib/sprockets/loader.rb:43:in `load'
sprockets (4.1.1) lib/sprockets/cached_environment.rb:44:in `block in load'
sprockets (4.1.1) lib/sprockets/cached_environment.rb:44:in `fetch'
sprockets (4.1.1) lib/sprockets/cached_environment.rb:44:in `load'
sprockets (4.1.1) lib/sprockets/context.rb:117:in `load'
sprockets (4.1.1) lib/sprockets/context.rb:145:in `depend_on_asset'
sprockets (4.1.1) lib/sprockets/context.rb:185:in `link_asset'
sprockets-rails (3.4.2) lib/sprockets/rails/context.rb:27:in `compute_asset_path'
actionview (7.0.4) lib/action_view/helpers/asset_url_helper.rb:203:in `asset_path'
sprockets-rails (3.4.2) lib/sprockets/rails/sourcemapping_url_processor.rb:41:in `sourcemap_asset_path'
sprockets-rails (3.4.2) lib/sprockets/rails/sourcemapping_url_processor.rb:34:in `resolved_sourcemap_comment'
sprockets-rails (3.4.2) lib/sprockets/rails/sourcemapping_url_processor.rb:15:in `block in call'
sprockets-rails (3.4.2) lib/sprockets/rails/sourcemapping_url_processor.rb:11:in `gsub'
sprockets-rails (3.4.2) lib/sprockets/rails/sourcemapping_url_processor.rb:11:in `call'
sprockets (4.1.1) lib/sprockets/processor_utils.rb:84:in `call_processor'
sprockets (4.1.1) lib/sprockets/processor_utils.rb:66:in `block in call_processors'
sprockets (4.1.1) lib/sprockets/processor_utils.rb:65:in `reverse_each'
sprockets (4.1.1) lib/sprockets/processor_utils.rb:65:in `call_processors'
sprockets (4.1.1) lib/sprockets/loader.rb:182:in `load_from_unloaded'
sprockets (4.1.1) lib/sprockets/loader.rb:59:in `block in load'
sprockets (4.1.1) lib/sprockets/loader.rb:337:in `fetch_asset_from_dependency_cache'
sprockets (4.1.1) lib/sprockets/loader.rb:43:in `load'
sprockets (4.1.1) lib/sprockets/cached_environment.rb:44:in `block in load'
sprockets (4.1.1) lib/sprockets/cached_environment.rb:44:in `fetch'
sprockets (4.1.1) lib/sprockets/cached_environment.rb:44:in `load'
sprockets (4.1.1) lib/sprockets/bundle.rb:27:in `call'
sprockets (4.1.1) lib/sprockets/processor_utils.rb:84:in `call_processor'
sprockets (4.1.1) lib/sprockets/processor_utils.rb:66:in `block in call_processors'
sprockets (4.1.1) lib/sprockets/processor_utils.rb:65:in `reverse_each'
sprockets (4.1.1) lib/sprockets/processor_utils.rb:65:in `call_processors'
sprockets (4.1.1) lib/sprockets/loader.rb:182:in `load_from_unloaded'
sprockets (4.1.1) lib/sprockets/loader.rb:59:in `block in load'
sprockets (4.1.1) lib/sprockets/loader.rb:337:in `fetch_asset_from_dependency_cache'
sprockets (4.1.1) lib/sprockets/loader.rb:43:in `load'
sprockets (4.1.1) lib/sprockets/cached_environment.rb:44:in `block in load'
sprockets (4.1.1) lib/sprockets/cached_environment.rb:44:in `fetch'
sprockets (4.1.1) lib/sprockets/cached_environment.rb:44:in `load'
sprockets (4.1.1) lib/sprockets/base.rb:81:in `find_asset'
sprockets (4.1.1) lib/sprockets/base.rb:88:in `find_all_linked_assets'
sprockets (4.1.1) lib/sprockets/manifest.rb:125:in `each'
sprockets (4.1.1) lib/sprockets/manifest.rb:125:in `to_a'
sprockets (4.1.1) lib/sprockets/manifest.rb:125:in `block (2 levels) in find'
concurrent-ruby (1.1.10) lib/concurrent-ruby/concurrent/executor/safe_task_executor.rb:24:in `block in execute'
concurrent-ruby (1.1.10) lib/concurrent-ruby/concurrent/synchronization/mutex_lockable_object.rb:47:in `block in synchronize'
concurrent-ruby (1.1.10) lib/concurrent-ruby/concurrent/synchronization/mutex_lockable_object.rb:47:in `synchronize'
concurrent-ruby (1.1.10) lib/concurrent-ruby/concurrent/synchronization/mutex_lockable_object.rb:47:in `synchronize'
concurrent-ruby (1.1.10) lib/concurrent-ruby/concurrent/executor/safe_task_executor.rb:22:in `execute'
concurrent-ruby (1.1.10) lib/concurrent-ruby/concurrent/promise.rb:564:in `block in realize'
concurrent-ruby (1.1.10) lib/concurrent-ruby/concurrent/executor/ruby_thread_pool_executor.rb:352:in `run_task'
concurrent-ruby (1.1.10) lib/concurrent-ruby/concurrent/executor/ruby_thread_pool_executor.rb:343:in `block (3 levels) in create_worker'
concurrent-ruby (1.1.10) lib/concurrent-ruby/concurrent/executor/ruby_thread_pool_executor.rb:334:in `loop'
concurrent-ruby (1.1.10) lib/concurrent-ruby/concurrent/executor/ruby_thread_pool_executor.rb:334:in `block (2 levels) in create_worker'
concurrent-ruby (1.1.10) lib/concurrent-ruby/concurrent/executor/ruby_thread_pool_executor.rb:333:in `catch'
concurrent-ruby (1.1.10) lib/concurrent-ruby/concurrent/executor/ruby_thread_pool_executor.rb:333:in `block in create_worker'
Started GET "/users/1" for 127.0.0.1 at 2022-09-28 09:00:39 +0300
Processing by UsersController#show as HTML
  Parameters: {"id"=>"1"}
  [1m[36mUser Load (2.2ms)[0m  [1m[34mSELECT "users".* FROM "users" WHERE "users"."id" = $1 LIMIT $2[0m  [["id", 1], ["LIMIT", 1]]
  ↳ app/controllers/users_controller.rb:63:in `set_user'
Completed 404 Not Found in 596ms (ActiveRecord: 73.7ms | Allocations: 10822)


  
ActiveRecord::RecordNotFound (Couldn't find User with 'id'=1):
  
app/controllers/users_controller.rb:63:in `set_user'
Started GET "/users" for 127.0.0.1 at 2022-09-28 09:00:53 +0300
Processing by UsersController#index as HTML
  Rendering layout layouts/application.html.erb
  Rendering users/index.html.erb within layouts/application
  [1m[36mUser Load (0.5ms)[0m  [1m[34mSELECT "users".* FROM "users"[0m
  ↳ app/views/users/index.html.erb:6
  Rendered users/index.html.erb within layouts/application (Duration: 5.2ms | Allocations: 653)
  Rendered layout layouts/application.html.erb (Duration: 286.9ms | Allocations: 47421)
Completed 200 OK in 301ms (Views: 292.0ms | ActiveRecord: 0.5ms | Allocations: 47698)


Started GET "/users/new" for 127.0.0.1 at 2022-09-28 09:00:59 +0300
Processing by UsersController#new as HTML
  Rendering layout layouts/application.html.erb
  Rendering users/new.html.erb within layouts/application
  Rendered users/_form.html.erb (Duration: 357.7ms | Allocations: 5059)
  Rendered users/new.html.erb within layouts/application (Duration: 367.4ms | Allocations: 5346)
  Rendered layout layouts/application.html.erb (Duration: 404.2ms | Allocations: 8101)
Completed 200 OK in 589ms (Views: 407.6ms | ActiveRecord: 0.0ms | Allocations: 22912)


Started POST "/users" for 127.0.0.1 at 2022-09-28 09:01:06 +0300
Processing by UsersController#create as TURBO_STREAM
  Parameters: {"authenticity_token"=>"[FILTERED]", "user"=>{"name"=>"Kamila", "email"=>"asuna35981@gmail.com"}, "commit"=>"Create User"}
  [1m[36mTRANSACTION (0.4ms)[0m  [1m[35mBEGIN[0m
  ↳ app/controllers/users_controller.rb:27:in `block in create'
  [1m[36mUser Create (16.9ms)[0m  [1m[32mINSERT INTO "users" ("name", "email", "created_at", "updated_at") VALUES ($1, $2, $3, $4) RETURNING "id"[0m  [["name", "Kamila"], ["email", "asuna35981@gmail.com"], ["created_at", "2022-09-28 06:01:07.045523"], ["updated_at", "2022-09-28 06:01:07.045523"]]
  ↳ app/controllers/users_controller.rb:27:in `block in create'
  [1m[36mTRANSACTION (2.8ms)[0m  [1m[35mCOMMIT[0m
  ↳ app/controllers/users_controller.rb:27:in `block in create'
Redirected to http://127.0.0.1:3000/users/1
Completed 302 Found in 51ms (ActiveRecord: 20.1ms | Allocations: 2838)


Started GET "/users/1" for 127.0.0.1 at 2022-09-28 09:01:07 +0300
Processing by UsersController#show as TURBO_STREAM
  Parameters: {"id"=>"1"}
  [1m[36mUser Load (6.8ms)[0m  [1m[34mSELECT "users".* FROM "users" WHERE "users"."id" = $1 LIMIT $2[0m  [["id", 1], ["LIMIT", 1]]
  ↳ app/controllers/users_controller.rb:63:in `set_user'
  Rendering layout layouts/application.html.erb
  Rendering users/show.html.erb within layouts/application
  Rendered users/_user.html.erb (Duration: 6.7ms | Allocations: 189)
  Rendered users/show.html.erb within layouts/application (Duration: 56.9ms | Allocations: 1350)
  Rendered layout layouts/application.html.erb (Duration: 90.8ms | Allocations: 4100)
Completed 200 OK in 119ms (Views: 96.7ms | ActiveRecord: 6.8ms | Allocations: 4982)


Started GET "/users" for 127.0.0.1 at 2022-09-28 09:02:14 +0300
Processing by UsersController#index as HTML
  Rendering layout layouts/application.html.erb
  Rendering users/index.html.erb within layouts/application
  [1m[36mUser Load (1.1ms)[0m  [1m[34mSELECT "users".* FROM "users"[0m
  ↳ app/views/users/index.html.erb:6
  Rendered users/_user.html.erb (Duration: 0.2ms | Allocations: 19)
  Rendered users/index.html.erb within layouts/application (Duration: 12.0ms | Allocations: 891)
  Rendered layout layouts/application.html.erb (Duration: 95.7ms | Allocations: 3638)
Completed 200 OK in 111ms (Views: 98.2ms | ActiveRecord: 1.1ms | Allocations: 3916)


Started GET "/users/new" for 127.0.0.1 at 2022-09-28 09:02:16 +0300
Processing by UsersController#new as HTML
  Rendering layout layouts/application.html.erb
  Rendering users/new.html.erb within layouts/application
  Rendered users/_form.html.erb (Duration: 4.8ms | Allocations: 1031)
  Rendered users/new.html.erb within layouts/application (Duration: 13.4ms | Allocations: 1112)
  Rendered layout layouts/application.html.erb (Duration: 50.7ms | Allocations: 3858)
Completed 200 OK in 63ms (Views: 53.3ms | ActiveRecord: 0.0ms | Allocations: 4143)


Started POST "/users" for 127.0.0.1 at 2022-09-28 09:02:27 +0300
Processing by UsersController#create as TURBO_STREAM
  Parameters: {"authenticity_token"=>"[FILTERED]", "user"=>{"name"=>"Milana", "email"=>"Milanakulichkova@gmail.com"}, "commit"=>"Create User"}
  [1m[36mTRANSACTION (0.4ms)[0m  [1m[35mBEGIN[0m
  ↳ app/controllers/users_controller.rb:27:in `block in create'
  [1m[36mUser Create (0.9ms)[0m  [1m[32mINSERT INTO "users" ("name", "email", "created_at", "updated_at") VALUES ($1, $2, $3, $4) RETURNING "id"[0m  [["name", "Milana"], ["email", "Milanakulichkova@gmail.com"], ["created_at", "2022-09-28 06:02:27.227058"], ["updated_at", "2022-09-28 06:02:27.227058"]]
  ↳ app/controllers/users_controller.rb:27:in `block in create'
  [1m[36mTRANSACTION (8.0ms)[0m  [1m[35mCOMMIT[0m
  ↳ app/controllers/users_controller.rb:27:in `block in create'
Redirected to http://127.0.0.1:3000/users/2
Completed 302 Found in 44ms (ActiveRecord: 9.3ms | Allocations: 2131)


Started GET "/users/2" for 127.0.0.1 at 2022-09-28 09:02:27 +0300
Processing by UsersController#show as TURBO_STREAM
  Parameters: {"id"=>"2"}
  [1m[36mUser Load (9.1ms)[0m  [1m[34mSELECT "users".* FROM "users" WHERE "users"."id" = $1 LIMIT $2[0m  [["id", 2], ["LIMIT", 1]]
  ↳ app/controllers/users_controller.rb:63:in `set_user'
  Rendering layout layouts/application.html.erb
  Rendering users/show.html.erb within layouts/application
  Rendered users/_user.html.erb (Duration: 0.2ms | Allocations: 20)
  Rendered users/show.html.erb within layouts/application (Duration: 3.6ms | Allocations: 585)
  Rendered layout layouts/application.html.erb (Duration: 96.5ms | Allocations: 3335)
Completed 200 OK in 133ms (Views: 110.2ms | ActiveRecord: 9.1ms | Allocations: 4086)


Started GET "/users" for 127.0.0.1 at 2022-09-28 09:02:30 +0300
Processing by UsersController#index as HTML
  Rendering layout layouts/application.html.erb
  Rendering users/index.html.erb within layouts/application
  [1m[36mUser Load (0.6ms)[0m  [1m[34mSELECT "users".* FROM "users"[0m
  ↳ app/views/users/index.html.erb:6
  Rendered users/_user.html.erb (Duration: 0.2ms | Allocations: 19)
  Rendered users/_user.html.erb (Duration: 0.2ms | Allocations: 19)
  Rendered users/index.html.erb within layouts/application (Duration: 9.3ms | Allocations: 1032)
  Rendered layout layouts/application.html.erb (Duration: 41.3ms | Allocations: 3779)
Completed 200 OK in 60ms (Views: 50.2ms | ActiveRecord: 0.6ms | Allocations: 4057)


Started GET "/users/2" for 127.0.0.1 at 2022-09-28 09:02:50 +0300
Processing by UsersController#show as HTML
  Parameters: {"id"=>"2"}
  [1m[36mUser Load (0.6ms)[0m  [1m[34mSELECT "users".* FROM "users" WHERE "users"."id" = $1 LIMIT $2[0m  [["id", 2], ["LIMIT", 1]]
  ↳ app/controllers/users_controller.rb:63:in `set_user'
  Rendering layout layouts/application.html.erb
  Rendering users/show.html.erb within layouts/application
  Rendered users/_user.html.erb (Duration: 0.2ms | Allocations: 20)
  Rendered users/show.html.erb within layouts/application (Duration: 3.4ms | Allocations: 554)
  Rendered layout layouts/application.html.erb (Duration: 46.6ms | Allocations: 3297)
Completed 200 OK in 65ms (Views: 52.3ms | ActiveRecord: 0.6ms | Allocations: 4046)


Started DELETE "/users/2" for 127.0.0.1 at 2022-09-28 09:02:52 +0300
Processing by UsersController#destroy as TURBO_STREAM
  Parameters: {"authenticity_token"=>"[FILTERED]", "id"=>"2"}
  [1m[36mUser Load (0.7ms)[0m  [1m[34mSELECT "users".* FROM "users" WHERE "users"."id" = $1 LIMIT $2[0m  [["id", 2], ["LIMIT", 1]]
  ↳ app/controllers/users_controller.rb:63:in `set_user'
  [1m[36mTRANSACTION (0.4ms)[0m  [1m[35mBEGIN[0m
  ↳ app/controllers/users_controller.rb:52:in `destroy'
  [1m[36mUser Destroy (2.8ms)[0m  [1m[31mDELETE FROM "users" WHERE "users"."id" = $1[0m  [["id", 2]]
  ↳ app/controllers/users_controller.rb:52:in `destroy'
  [1m[36mTRANSACTION (1.0ms)[0m  [1m[35mCOMMIT[0m
  ↳ app/controllers/users_controller.rb:52:in `destroy'
Redirected to http://127.0.0.1:3000/users
Completed 302 Found in 33ms (ActiveRecord: 5.0ms | Allocations: 2262)


Started GET "/users" for 127.0.0.1 at 2022-09-28 09:02:52 +0300
Processing by UsersController#index as TURBO_STREAM
  Rendering layout layouts/application.html.erb
  Rendering users/index.html.erb within layouts/application
  [1m[36mUser Load (0.6ms)[0m  [1m[34mSELECT "users".* FROM "users"[0m
  ↳ app/views/users/index.html.erb:6
  Rendered users/_user.html.erb (Duration: 0.3ms | Allocations: 19)
  Rendered users/index.html.erb within layouts/application (Duration: 21.1ms | Allocations: 896)
  Rendered layout layouts/application.html.erb (Duration: 70.4ms | Allocations: 3642)
Completed 200 OK in 89ms (Views: 76.4ms | ActiveRecord: 0.6ms | Allocations: 3920)


Started GET "/users/new" for 127.0.0.1 at 2022-09-28 09:02:55 +0300
Processing by UsersController#new as HTML
  Rendering layout layouts/application.html.erb
  Rendering users/new.html.erb within layouts/application
  Rendered users/_form.html.erb (Duration: 6.5ms | Allocations: 1021)
  Rendered users/new.html.erb within layouts/application (Duration: 8.7ms | Allocations: 1102)
  Rendered layout layouts/application.html.erb (Duration: 60.3ms | Allocations: 3847)
Completed 200 OK in 72ms (Views: 63.1ms | ActiveRecord: 0.0ms | Allocations: 4125)


Started POST "/users" for 127.0.0.1 at 2022-09-28 09:02:59 +0300
Processing by UsersController#create as TURBO_STREAM
  Parameters: {"authenticity_token"=>"[FILTERED]", "user"=>{"name"=>"Milana", "email"=>"Milanakulichkova@gmail.com"}, "commit"=>"Create User"}
  [1m[36mTRANSACTION (0.6ms)[0m  [1m[35mBEGIN[0m
  ↳ app/controllers/users_controller.rb:27:in `block in create'
  [1m[36mUser Create (0.9ms)[0m  [1m[32mINSERT INTO "users" ("name", "email", "created_at", "updated_at") VALUES ($1, $2, $3, $4) RETURNING "id"[0m  [["name", "Milana"], ["email", "Milanakulichkova@gmail.com"], ["created_at", "2022-09-28 06:03:00.089562"], ["updated_at", "2022-09-28 06:03:00.089562"]]
  ↳ app/controllers/users_controller.rb:27:in `block in create'
  [1m[36mTRANSACTION (1.4ms)[0m  [1m[35mCOMMIT[0m
  ↳ app/controllers/users_controller.rb:27:in `block in create'
Redirected to http://127.0.0.1:3000/users/3
Completed 302 Found in 31ms (ActiveRecord: 2.9ms | Allocations: 2128)


Started GET "/users/3" for 127.0.0.1 at 2022-09-28 09:03:00 +0300
Processing by UsersController#show as TURBO_STREAM
  Parameters: {"id"=>"3"}
  [1m[36mUser Load (0.6ms)[0m  [1m[34mSELECT "users".* FROM "users" WHERE "users"."id" = $1 LIMIT $2[0m  [["id", 3], ["LIMIT", 1]]
  ↳ app/controllers/users_controller.rb:63:in `set_user'
  Rendering layout layouts/application.html.erb
  Rendering users/show.html.erb within layouts/application
  Rendered users/_user.html.erb (Duration: 0.2ms | Allocations: 20)
  Rendered users/show.html.erb within layouts/application (Duration: 4.2ms | Allocations: 577)
  Rendered layout layouts/application.html.erb (Duration: 52.1ms | Allocations: 3314)
Completed 200 OK in 71ms (Views: 56.1ms | ActiveRecord: 0.6ms | Allocations: 4067)


  [1m[35m (0.6ms)[0m  [1m[34mSELECT pg_try_advisory_lock(714079268577760680)[0m
  [1m[36mActiveRecord::SchemaMigration Pluck (3.9ms)[0m  [1m[34mSELECT "schema_migrations"."version" FROM "schema_migrations" ORDER BY "schema_migrations"."version" ASC[0m
Migrating to CreateMicroposts (20220928060421)
  [1m[36mTRANSACTION (0.4ms)[0m  [1m[35mBEGIN[0m
  [1m[35m (48.5ms)[0m  [1m[35mCREATE TABLE "microposts" ("id" bigserial primary key, "content" text, "user_id" integer, "created_at" timestamp(6) NOT NULL, "updated_at" timestamp(6) NOT NULL)[0m
  [1m[36mActiveRecord::SchemaMigration Create (1.7ms)[0m  [1m[32mINSERT INTO "schema_migrations" ("version") VALUES ($1) RETURNING "version"[0m  [["version", "20220928060421"]]
  [1m[36mTRANSACTION (2.9ms)[0m  [1m[35mCOMMIT[0m
  [1m[36mActiveRecord::InternalMetadata Load (4.1ms)[0m  [1m[34mSELECT "ar_internal_metadata".* FROM "ar_internal_metadata" WHERE "ar_internal_metadata"."key" = $1 LIMIT $2[0m  [["key", "environment"], ["LIMIT", 1]]
  [1m[35m (0.8ms)[0m  [1m[34mSELECT pg_advisory_unlock(714079268577760680)[0m
  [1m[36mActiveRecord::SchemaMigration Pluck (4.8ms)[0m  [1m[34mSELECT "schema_migrations"."version" FROM "schema_migrations" ORDER BY "schema_migrations"."version" ASC[0m
Started GET "/users/3" for 127.0.0.1 at 2022-09-28 09:05:30 +0300
  [1m[36mActiveRecord::SchemaMigration Pluck (3.8ms)[0m  [1m[34mSELECT "schema_migrations"."version" FROM "schema_migrations" ORDER BY "schema_migrations"."version" ASC[0m
Processing by UsersController#show as HTML
  Parameters: {"id"=>"3"}
  [1m[36mUser Load (3.0ms)[0m  [1m[34mSELECT "users".* FROM "users" WHERE "users"."id" = $1 LIMIT $2[0m  [["id", 3], ["LIMIT", 1]]
  ↳ app/controllers/users_controller.rb:63:in `set_user'
  Rendering layout layouts/application.html.erb
  Rendering users/show.html.erb within layouts/application
  Rendered users/_user.html.erb (Duration: 4.7ms | Allocations: 197)
  Rendered users/show.html.erb within layouts/application (Duration: 33.8ms | Allocations: 1514)
  Rendered layout layouts/application.html.erb (Duration: 285.2ms | Allocations: 48358)
Completed 200 OK in 743ms (Views: 323.4ms | ActiveRecord: 20.9ms | Allocations: 70891)


Started GET "/users" for 127.0.0.1 at 2022-09-28 09:05:36 +0300
Processing by UsersController#index as HTML
  Rendering layout layouts/application.html.erb
  Rendering users/index.html.erb within layouts/application
  [1m[36mUser Load (0.9ms)[0m  [1m[34mSELECT "users".* FROM "users"[0m
  ↳ app/views/users/index.html.erb:6
  Rendered users/_user.html.erb (Duration: 0.2ms | Allocations: 19)
  Rendered users/_user.html.erb (Duration: 0.2ms | Allocations: 19)
  Rendered users/index.html.erb within layouts/application (Duration: 14.2ms | Allocations: 1286)
  Rendered layout layouts/application.html.erb (Duration: 46.9ms | Allocations: 4045)
Completed 200 OK in 71ms (Views: 51.9ms | ActiveRecord: 0.9ms | Allocations: 4408)


Started GET "/users/3" for 127.0.0.1 at 2022-09-28 09:05:40 +0300
Processing by UsersController#show as HTML
  Parameters: {"id"=>"3"}
  [1m[36mUser Load (0.7ms)[0m  [1m[34mSELECT "users".* FROM "users" WHERE "users"."id" = $1 LIMIT $2[0m  [["id", 3], ["LIMIT", 1]]
  ↳ app/controllers/users_controller.rb:63:in `set_user'
  Rendering layout layouts/application.html.erb
  Rendering users/show.html.erb within layouts/application
  Rendered users/_user.html.erb (Duration: 0.2ms | Allocations: 20)
  Rendered users/show.html.erb within layouts/application (Duration: 3.9ms | Allocations: 556)
  Rendered layout layouts/application.html.erb (Duration: 37.8ms | Allocations: 3296)
Completed 200 OK in 57ms (Views: 40.3ms | ActiveRecord: 0.7ms | Allocations: 4064)


Started GET "/users" for 127.0.0.1 at 2022-09-28 09:05:42 +0300
Processing by UsersController#index as HTML
  Rendering layout layouts/application.html.erb
  Rendering users/index.html.erb within layouts/application
  [1m[36mUser Load (0.8ms)[0m  [1m[34mSELECT "users".* FROM "users"[0m
  ↳ app/views/users/index.html.erb:6
  Rendered users/_user.html.erb (Duration: 0.2ms | Allocations: 19)
  Rendered users/_user.html.erb (Duration: 0.2ms | Allocations: 19)
  Rendered users/index.html.erb within layouts/application (Duration: 10.9ms | Allocations: 1044)
  Rendered layout layouts/application.html.erb (Duration: 56.8ms | Allocations: 3793)
Completed 200 OK in 71ms (Views: 59.8ms | ActiveRecord: 0.8ms | Allocations: 4079)


Started GET "/microposts" for 127.0.0.1 at 2022-09-28 09:06:00 +0300
Processing by MicropostsController#index as HTML
  Rendering layout layouts/application.html.erb
  Rendering microposts/index.html.erb within layouts/application
  [1m[36mMicropost Load (2.9ms)[0m  [1m[34mSELECT "microposts".* FROM "microposts"[0m
  ↳ app/views/microposts/index.html.erb:6
  Rendered microposts/index.html.erb within layouts/application (Duration: 11.7ms | Allocations: 1020)
  Rendered layout layouts/application.html.erb (Duration: 40.6ms | Allocations: 3791)
Completed 200 OK in 89ms (Views: 56.7ms | ActiveRecord: 2.9ms | Allocations: 4877)


Started GET "/microposts/new" for 127.0.0.1 at 2022-09-28 09:06:02 +0300
Processing by MicropostsController#new as HTML
  Rendering layout layouts/application.html.erb
  Rendering microposts/new.html.erb within layouts/application
  Rendered microposts/_form.html.erb (Duration: 125.1ms | Allocations: 3809)
  Rendered microposts/new.html.erb within layouts/application (Duration: 134.4ms | Allocations: 4091)
  Rendered layout layouts/application.html.erb (Duration: 177.4ms | Allocations: 6850)
Completed 200 OK in 327ms (Views: 179.8ms | ActiveRecord: 8.4ms | Allocations: 20576)


Started POST "/microposts" for 127.0.0.1 at 2022-09-28 09:06:13 +0300
Processing by MicropostsController#create as TURBO_STREAM
  Parameters: {"authenticity_token"=>"[FILTERED]", "micropost"=>{"content"=>"esghdghfhghfxv", "user_id"=>"1"}, "commit"=>"Create Micropost"}
  [1m[36mTRANSACTION (0.3ms)[0m  [1m[35mBEGIN[0m
  ↳ app/controllers/microposts_controller.rb:27:in `block in create'
  [1m[36mMicropost Create (2.9ms)[0m  [1m[32mINSERT INTO "microposts" ("content", "user_id", "created_at", "updated_at") VALUES ($1, $2, $3, $4) RETURNING "id"[0m  [["content", "esghdghfhghfxv"], ["user_id", 1], ["created_at", "2022-09-28 06:06:13.597627"], ["updated_at", "2022-09-28 06:06:13.597627"]]
  ↳ app/controllers/microposts_controller.rb:27:in `block in create'
  [1m[36mTRANSACTION (2.7ms)[0m  [1m[35mCOMMIT[0m
  ↳ app/controllers/microposts_controller.rb:27:in `block in create'
Redirected to http://127.0.0.1:3000/microposts/1
Completed 302 Found in 39ms (ActiveRecord: 6.0ms | Allocations: 2827)


Started GET "/microposts/1" for 127.0.0.1 at 2022-09-28 09:06:13 +0300
Processing by MicropostsController#show as TURBO_STREAM
  Parameters: {"id"=>"1"}
  [1m[36mMicropost Load (0.7ms)[0m  [1m[34mSELECT "microposts".* FROM "microposts" WHERE "microposts"."id" = $1 LIMIT $2[0m  [["id", 1], ["LIMIT", 1]]
  ↳ app/controllers/microposts_controller.rb:63:in `set_micropost'
  Rendering layout layouts/application.html.erb
  Rendering microposts/show.html.erb within layouts/application
  Rendered microposts/_micropost.html.erb (Duration: 9.1ms | Allocations: 183)
  Rendered microposts/show.html.erb within layouts/application (Duration: 27.0ms | Allocations: 1111)
  Rendered layout layouts/application.html.erb (Duration: 70.2ms | Allocations: 3856)
Completed 200 OK in 101ms (Views: 76.0ms | ActiveRecord: 0.7ms | Allocations: 5277)


Started GET "/microposts" for 127.0.0.1 at 2022-09-28 09:06:16 +0300
Processing by MicropostsController#index as HTML
  Rendering layout layouts/application.html.erb
  Rendering microposts/index.html.erb within layouts/application
  [1m[36mMicropost Load (0.7ms)[0m  [1m[34mSELECT "microposts".* FROM "microposts"[0m
  ↳ app/views/microposts/index.html.erb:6
  Rendered microposts/_micropost.html.erb (Duration: 0.2ms | Allocations: 19)
  Rendered microposts/index.html.erb within layouts/application (Duration: 15.6ms | Allocations: 898)
  Rendered layout layouts/application.html.erb (Duration: 59.8ms | Allocations: 3644)
Completed 200 OK in 72ms (Views: 62.9ms | ActiveRecord: 0.7ms | Allocations: 3922)


Started GET "/microposts" for 127.0.0.1 at 2022-09-28 09:08:34 +0300
  [1m[36mActiveRecord::SchemaMigration Pluck (3.7ms)[0m  [1m[34mSELECT "schema_migrations"."version" FROM "schema_migrations" ORDER BY "schema_migrations"."version" ASC[0m
Processing by MicropostsController#index as HTML
  Rendering layout layouts/application.html.erb
  Rendering microposts/index.html.erb within layouts/application
  [1m[36mMicropost Load (4.6ms)[0m  [1m[34mSELECT "microposts".* FROM "microposts"[0m
  ↳ app/views/microposts/index.html.erb:6
  Rendered microposts/_micropost.html.erb (Duration: 2.4ms | Allocations: 199)
  Rendered microposts/index.html.erb within layouts/application (Duration: 203.1ms | Allocations: 16548)
  Rendered layout layouts/application.html.erb (Duration: 598.7ms | Allocations: 63366)
Completed 200 OK in 791ms (Views: 609.3ms | ActiveRecord: 26.3ms | Allocations: 70994)


Started GET "/microposts/new" for 127.0.0.1 at 2022-09-28 09:08:45 +0300
Processing by MicropostsController#new as HTML
  Rendering layout layouts/application.html.erb
  Rendering microposts/new.html.erb within layouts/application
  Rendered microposts/_form.html.erb (Duration: 77.5ms | Allocations: 3636)
  Rendered microposts/new.html.erb within layouts/application (Duration: 88.7ms | Allocations: 3920)
  Rendered layout layouts/application.html.erb (Duration: 129.0ms | Allocations: 6677)
Completed 200 OK in 160ms (Views: 132.8ms | ActiveRecord: 0.0ms | Allocations: 7026)


Started POST "/microposts" for 127.0.0.1 at 2022-09-28 09:09:04 +0300
Processing by MicropostsController#create as TURBO_STREAM
  Parameters: {"authenticity_token"=>"[FILTERED]", "micropost"=>{"content"=>"sgdhfjgkhlhkgjyhttasdfghtrogjirojgorjgorejgorjgrigjeroijgerogjrigjrejgrigjrojgreijgeroigjreiogjrigjrigjrigjreogjrogjreigjreogjeroigrjgirjgoierjgoreigjrogjrigjreogjreogjreigjrigjergjoerjgirjgeriegjerogjrigjroigjerogij", "user_id"=>"1"}, "commit"=>"Create Micropost"}
  [1m[36mTRANSACTION (0.4ms)[0m  [1m[35mBEGIN[0m
  ↳ app/controllers/microposts_controller.rb:27:in `block in create'
  [1m[36mUser Load (4.2ms)[0m  [1m[34mSELECT "users".* FROM "users" WHERE "users"."id" = $1 LIMIT $2[0m  [["id", 1], ["LIMIT", 1]]
  ↳ app/controllers/microposts_controller.rb:27:in `block in create'
  [1m[36mTRANSACTION (6.4ms)[0m  [1m[31mROLLBACK[0m
  ↳ app/controllers/microposts_controller.rb:27:in `block in create'
  Rendering layout layouts/application.html.erb
  Rendering microposts/new.html.erb within layouts/application
  Rendered microposts/_form.html.erb (Duration: 9.1ms | Allocations: 1987)
  Rendered microposts/new.html.erb within layouts/application (Duration: 10.4ms | Allocations: 2068)
  Rendered layout layouts/application.html.erb (Duration: 34.6ms | Allocations: 4823)
Completed 422 Unprocessable Entity in 669ms (Views: 37.2ms | ActiveRecord: 20.4ms | Allocations: 29644)


Started GET "/users" for 127.0.0.1 at 2022-09-28 09:09:15 +0300
Processing by UsersController#index as HTML
  Rendering layout layouts/application.html.erb
  Rendering users/index.html.erb within layouts/application
  [1m[36mUser Load (0.9ms)[0m  [1m[34mSELECT "users".* FROM "users"[0m
  ↳ app/views/users/index.html.erb:6
  Rendered users/_user.html.erb (Duration: 2.9ms | Allocations: 185)
  Rendered users/_user.html.erb (Duration: 0.2ms | Allocations: 19)
  Rendered users/index.html.erb within layouts/application (Duration: 28.6ms | Allocations: 1563)
  Rendered layout layouts/application.html.erb (Duration: 63.5ms | Allocations: 4322)
Completed 200 OK in 97ms (Views: 84.2ms | ActiveRecord: 0.9ms | Allocations: 5162)


Started GET "/users/new" for 127.0.0.1 at 2022-09-28 09:09:17 +0300
Processing by UsersController#new as HTML
  Rendering layout layouts/application.html.erb
  Rendering users/new.html.erb within layouts/application
  Rendered users/_form.html.erb (Duration: 13.2ms | Allocations: 1472)
  Rendered users/new.html.erb within layouts/application (Duration: 23.7ms | Allocations: 1752)
  Rendered layout layouts/application.html.erb (Duration: 74.4ms | Allocations: 4505)
Completed 200 OK in 96ms (Views: 85.7ms | ActiveRecord: 0.0ms | Allocations: 4836)


Started POST "/users" for 127.0.0.1 at 2022-09-28 09:09:18 +0300
Processing by UsersController#create as TURBO_STREAM
  Parameters: {"authenticity_token"=>"[FILTERED]", "user"=>{"name"=>"", "email"=>""}, "commit"=>"Create User"}
  Rendering layout layouts/application.html.erb
  Rendering users/new.html.erb within layouts/application
  Rendered users/_form.html.erb (Duration: 39.5ms | Allocations: 3027)
  Rendered users/new.html.erb within layouts/application (Duration: 76.4ms | Allocations: 3108)
  Rendered layout layouts/application.html.erb (Duration: 155.3ms | Allocations: 5845)
Completed 422 Unprocessable Entity in 175ms (Views: 158.4ms | ActiveRecord: 0.0ms | Allocations: 7055)


Started GET "/users" for 127.0.0.1 at 2022-09-28 09:15:31 +0300
  [1m[36mActiveRecord::SchemaMigration Pluck (2.4ms)[0m  [1m[34mSELECT "schema_migrations"."version" FROM "schema_migrations" ORDER BY "schema_migrations"."version" ASC[0m
Processing by UsersController#index as HTML
  Rendering layout layouts/application.html.erb
  Rendering users/index.html.erb within layouts/application
  [1m[36mUser Load (3.1ms)[0m  [1m[34mSELECT "users".* FROM "users"[0m
  ↳ app/views/users/index.html.erb:6
  Rendered users/_user.html.erb (Duration: 1.9ms | Allocations: 196)
  Rendered users/_user.html.erb (Duration: 0.7ms | Allocations: 19)
  Rendered users/index.html.erb within layouts/application (Duration: 202.2ms | Allocations: 16589)
  Rendered layout layouts/application.html.erb (Duration: 446.5ms | Allocations: 63486)
Completed 200 OK in 526ms (Views: 447.7ms | ActiveRecord: 17.9ms | Allocations: 70599)


Started GET "/users" for 127.0.0.1 at 2022-09-28 09:16:06 +0300
  [1m[36mActiveRecord::SchemaMigration Pluck (2.7ms)[0m  [1m[34mSELECT "schema_migrations"."version" FROM "schema_migrations" ORDER BY "schema_migrations"."version" ASC[0m
Processing by UsersController#index as HTML
  Rendering layout layouts/application.html.erb
  Rendering users/index.html.erb within layouts/application
  [1m[36mUser Load (3.6ms)[0m  [1m[34mSELECT "users".* FROM "users"[0m
  ↳ app/views/users/index.html.erb:6
  Rendered users/_user.html.erb (Duration: 2.1ms | Allocations: 199)
  Rendered users/_user.html.erb (Duration: 0.1ms | Allocations: 19)
  Rendered users/index.html.erb within layouts/application (Duration: 169.3ms | Allocations: 16586)
  Rendered layout layouts/application.html.erb (Duration: 376.3ms | Allocations: 62928)
Completed 200 OK in 485ms (Views: 383.3ms | ActiveRecord: 22.9ms | Allocations: 70041)


Started GET "/" for 127.0.0.1 at 2022-09-28 09:16:15 +0300
Processing by ApplicationController#hello as HTML
  Rendering text template
  Rendered text template (Duration: 0.1ms | Allocations: 5)
Completed 200 OK in 18ms (Views: 11.1ms | ActiveRecord: 0.0ms | Allocations: 721)


Started GET "/users/new" for 127.0.0.1 at 2022-09-28 09:16:24 +0300
Processing by UsersController#new as HTML
  Rendering layout layouts/application.html.erb
  Rendering users/new.html.erb within layouts/application
  Rendered users/_form.html.erb (Duration: 464.8ms | Allocations: 9384)
  Rendered users/new.html.erb within layouts/application (Duration: 472.4ms | Allocations: 9669)
  Rendered layout layouts/application.html.erb (Duration: 498.7ms | Allocations: 12426)
Completed 200 OK in 519ms (Views: 501.4ms | ActiveRecord: 0.0ms | Allocations: 12775)


Started GET "/users" for 127.0.0.1 at 2022-09-28 09:17:06 +0300
  [1m[36mActiveRecord::SchemaMigration Pluck (4.4ms)[0m  [1m[34mSELECT "schema_migrations"."version" FROM "schema_migrations" ORDER BY "schema_migrations"."version" ASC[0m
Processing by UsersController#index as HTML
  Rendering layout layouts/application.html.erb
  Rendering users/index.html.erb within layouts/application
  [1m[36mUser Load (4.3ms)[0m  [1m[34mSELECT "users".* FROM "users"[0m
  ↳ app/views/users/index.html.erb:6
  Rendered users/_user.html.erb (Duration: 2.4ms | Allocations: 199)
  Rendered users/_user.html.erb (Duration: 0.2ms | Allocations: 19)
  Rendered users/index.html.erb within layouts/application (Duration: 238.6ms | Allocations: 16592)
  Rendered layout layouts/application.html.erb (Duration: 546.7ms | Allocations: 63375)
Completed 200 OK in 686ms (Views: 557.1ms | ActiveRecord: 21.6ms | Allocations: 70488)


Started GET "/" for 127.0.0.1 at 2022-09-28 09:17:13 +0300
Processing by UsersController#index as HTML
  Rendering layout layouts/application.html.erb
  Rendering users/index.html.erb within layouts/application
  [1m[36mUser Load (0.8ms)[0m  [1m[34mSELECT "users".* FROM "users"[0m
  ↳ app/views/users/index.html.erb:6
  Rendered users/_user.html.erb (Duration: 0.2ms | Allocations: 19)
  Rendered users/_user.html.erb (Duration: 0.2ms | Allocations: 19)
  Rendered users/index.html.erb within layouts/application (Duration: 10.0ms | Allocations: 1046)
  Rendered layout layouts/application.html.erb (Duration: 27.2ms | Allocations: 3795)
Completed 200 OK in 36ms (Views: 29.0ms | ActiveRecord: 0.8ms | Allocations: 4080)


Started GET "/users/1" for 127.0.0.1 at 2022-09-28 09:17:18 +0300
Processing by UsersController#show as HTML
  Parameters: {"id"=>"1"}
  [1m[36mUser Load (0.8ms)[0m  [1m[34mSELECT "users".* FROM "users" WHERE "users"."id" = $1 LIMIT $2[0m  [["id", 1], ["LIMIT", 1]]
  ↳ app/controllers/users_controller.rb:63:in `set_user'
  Rendering layout layouts/application.html.erb
  Rendering users/show.html.erb within layouts/application
  Rendered users/_user.html.erb (Duration: 0.3ms | Allocations: 19)
  Rendered users/show.html.erb within layouts/application (Duration: 8.1ms | Allocations: 771)
  Rendered layout layouts/application.html.erb (Duration: 50.2ms | Allocations: 3519)
Completed 200 OK in 95ms (Views: 53.8ms | ActiveRecord: 1.3ms | Allocations: 6097)


Started GET "/users" for 127.0.0.1 at 2022-09-28 09:17:22 +0300
Processing by UsersController#index as HTML
  Rendering layout layouts/application.html.erb
  Rendering users/index.html.erb within layouts/application
  [1m[36mUser Load (0.8ms)[0m  [1m[34mSELECT "users".* FROM "users"[0m
  ↳ app/views/users/index.html.erb:6
  Rendered users/_user.html.erb (Duration: 0.3ms | Allocations: 19)
  Rendered users/_user.html.erb (Duration: 0.2ms | Allocations: 19)
  Rendered users/index.html.erb within layouts/application (Duration: 10.9ms | Allocations: 1055)
  Rendered layout layouts/application.html.erb (Duration: 41.3ms | Allocations: 3804)
Completed 200 OK in 53ms (Views: 44.2ms | ActiveRecord: 0.8ms | Allocations: 4091)


Started GET "/users/1" for 127.0.0.1 at 2022-09-28 09:18:00 +0300
Processing by UsersController#show as HTML
  Parameters: {"id"=>"1"}
  [1m[36mUser Load (0.7ms)[0m  [1m[34mSELECT "users".* FROM "users" WHERE "users"."id" = $1 LIMIT $2[0m  [["id", 1], ["LIMIT", 1]]
  ↳ app/controllers/users_controller.rb:63:in `set_user'
  Rendering layout layouts/application.html.erb
  Rendering users/show.html.erb within layouts/application
  Rendered users/_user.html.erb (Duration: 0.2ms | Allocations: 19)
  Rendered users/show.html.erb within layouts/application (Duration: 5.1ms | Allocations: 545)
  Rendered layout layouts/application.html.erb (Duration: 48.3ms | Allocations: 3300)
Completed 200 OK in 70ms (Views: 53.9ms | ActiveRecord: 0.7ms | Allocations: 4068)


Started DELETE "/users/1" for 127.0.0.1 at 2022-09-28 09:18:02 +0300
Processing by UsersController#destroy as TURBO_STREAM
  Parameters: {"authenticity_token"=>"[FILTERED]", "id"=>"1"}
  [1m[36mUser Load (0.7ms)[0m  [1m[34mSELECT "users".* FROM "users" WHERE "users"."id" = $1 LIMIT $2[0m  [["id", 1], ["LIMIT", 1]]
  ↳ app/controllers/users_controller.rb:63:in `set_user'
  [1m[36mTRANSACTION (0.3ms)[0m  [1m[35mBEGIN[0m
  ↳ app/controllers/users_controller.rb:52:in `destroy'
  [1m[36mUser Destroy (0.9ms)[0m  [1m[31mDELETE FROM "users" WHERE "users"."id" = $1[0m  [["id", 1]]
  ↳ app/controllers/users_controller.rb:52:in `destroy'
  [1m[36mTRANSACTION (9.0ms)[0m  [1m[35mCOMMIT[0m
  ↳ app/controllers/users_controller.rb:52:in `destroy'
Redirected to http://127.0.0.1:3000/users
Completed 302 Found in 36ms (ActiveRecord: 10.9ms | Allocations: 2331)


Started GET "/users" for 127.0.0.1 at 2022-09-28 09:18:02 +0300
Processing by UsersController#index as TURBO_STREAM
  Rendering layout layouts/application.html.erb
  Rendering users/index.html.erb within layouts/application
  [1m[36mUser Load (0.7ms)[0m  [1m[34mSELECT "users".* FROM "users"[0m
  ↳ app/views/users/index.html.erb:6
  Rendered users/_user.html.erb (Duration: 0.2ms | Allocations: 20)
  Rendered users/index.html.erb within layouts/application (Duration: 16.7ms | Allocations: 971)
  Rendered layout layouts/application.html.erb (Duration: 50.3ms | Allocations: 3732)
Completed 200 OK in 70ms (Views: 62.3ms | ActiveRecord: 0.7ms | Allocations: 4052)


Started GET "/users/new" for 127.0.0.1 at 2022-09-28 09:18:03 +0300
Processing by UsersController#new as HTML
  Rendering layout layouts/application.html.erb
  Rendering users/new.html.erb within layouts/application
  Rendered users/_form.html.erb (Duration: 61.4ms | Allocations: 3414)
  Rendered users/new.html.erb within layouts/application (Duration: 72.0ms | Allocations: 3698)
  Rendered layout layouts/application.html.erb (Duration: 108.6ms | Allocations: 6451)
Completed 200 OK in 132ms (Views: 119.2ms | ActiveRecord: 0.0ms | Allocations: 6789)


Started POST "/users" for 127.0.0.1 at 2022-09-28 09:18:09 +0300
Processing by UsersController#create as TURBO_STREAM
  Parameters: {"authenticity_token"=>"[FILTERED]", "user"=>{"name"=>"", "email"=>""}, "commit"=>"Create User"}
  Rendering layout layouts/application.html.erb
  Rendering users/new.html.erb within layouts/application
  Rendered users/_form.html.erb (Duration: 16.6ms | Allocations: 3035)
  Rendered users/new.html.erb within layouts/application (Duration: 19.4ms | Allocations: 3116)
  Rendered layout layouts/application.html.erb (Duration: 71.2ms | Allocations: 5853)
Completed 422 Unprocessable Entity in 90ms (Views: 73.9ms | ActiveRecord: 0.0ms | Allocations: 7062)


Started POST "/users" for 127.0.0.1 at 2022-09-28 09:18:16 +0300
Processing by UsersController#create as TURBO_STREAM
  Parameters: {"authenticity_token"=>"[FILTERED]", "user"=>{"name"=>"fdgdf", "email"=>"asuna35981@gmail.com"}, "commit"=>"Create User"}
  [1m[36mTRANSACTION (0.4ms)[0m  [1m[35mBEGIN[0m
  ↳ app/controllers/users_controller.rb:27:in `block in create'
  [1m[36mUser Create (2.5ms)[0m  [1m[32mINSERT INTO "users" ("name", "email", "created_at", "updated_at") VALUES ($1, $2, $3, $4) RETURNING "id"[0m  [["name", "fdgdf"], ["email", "asuna35981@gmail.com"], ["created_at", "2022-09-28 06:18:17.150967"], ["updated_at", "2022-09-28 06:18:17.150967"]]
  ↳ app/controllers/users_controller.rb:27:in `block in create'
  [1m[36mTRANSACTION (7.3ms)[0m  [1m[35mCOMMIT[0m
  ↳ app/controllers/users_controller.rb:27:in `block in create'
Redirected to http://127.0.0.1:3000/users/4
Completed 302 Found in 68ms (ActiveRecord: 10.2ms | Allocations: 2825)


Started GET "/users/4" for 127.0.0.1 at 2022-09-28 09:18:17 +0300
Processing by UsersController#show as TURBO_STREAM
  Parameters: {"id"=>"4"}
  [1m[36mUser Load (0.6ms)[0m  [1m[34mSELECT "users".* FROM "users" WHERE "users"."id" = $1 LIMIT $2[0m  [["id", 4], ["LIMIT", 1]]
  ↳ app/controllers/users_controller.rb:63:in `set_user'
  Rendering layout layouts/application.html.erb
  Rendering users/show.html.erb within layouts/application
  Rendered users/_user.html.erb (Duration: 0.4ms | Allocations: 19)
  Rendered users/show.html.erb within layouts/application (Duration: 13.4ms | Allocations: 598)
  Rendered layout layouts/application.html.erb (Duration: 61.3ms | Allocations: 3335)
Completed 200 OK in 84ms (Views: 64.0ms | ActiveRecord: 0.6ms | Allocations: 4087)


Started GET "/users" for 127.0.0.1 at 2022-09-28 09:18:20 +0300
Processing by UsersController#index as HTML
  Rendering layout layouts/application.html.erb
  Rendering users/index.html.erb within layouts/application
  [1m[36mUser Load (0.8ms)[0m  [1m[34mSELECT "users".* FROM "users"[0m
  ↳ app/views/users/index.html.erb:6
  Rendered users/_user.html.erb (Duration: 0.2ms | Allocations: 20)
  Rendered users/_user.html.erb (Duration: 0.2ms | Allocations: 18)
  Rendered users/index.html.erb within layouts/application (Duration: 13.2ms | Allocations: 1042)
  Rendered layout layouts/application.html.erb (Duration: 68.4ms | Allocations: 3788)
Completed 200 OK in 91ms (Views: 80.2ms | ActiveRecord: 0.8ms | Allocations: 4066)


Started GET "/microposts" for 127.0.0.1 at 2022-09-28 09:18:27 +0300
Processing by MicropostsController#index as HTML
  Rendering layout layouts/application.html.erb
  Rendering microposts/index.html.erb within layouts/application
  [1m[36mMicropost Load (3.2ms)[0m  [1m[34mSELECT "microposts".* FROM "microposts"[0m
  ↳ app/views/microposts/index.html.erb:6
  Rendered microposts/_micropost.html.erb (Duration: 2.4ms | Allocations: 185)
  Rendered microposts/index.html.erb within layouts/application (Duration: 172.5ms | Allocations: 14847)
  Rendered layout layouts/application.html.erb (Duration: 200.3ms | Allocations: 17603)
Completed 200 OK in 265ms (Views: 207.5ms | ActiveRecord: 11.0ms | Allocations: 20145)


Started GET "/microposts/1" for 127.0.0.1 at 2022-09-28 09:18:31 +0300
Processing by MicropostsController#show as HTML
  Parameters: {"id"=>"1"}
  [1m[36mMicropost Load (0.7ms)[0m  [1m[34mSELECT "microposts".* FROM "microposts" WHERE "microposts"."id" = $1 LIMIT $2[0m  [["id", 1], ["LIMIT", 1]]
  ↳ app/controllers/microposts_controller.rb:63:in `set_micropost'
  Rendering layout layouts/application.html.erb
  Rendering microposts/show.html.erb within layouts/application
  Rendered microposts/_micropost.html.erb (Duration: 0.2ms | Allocations: 19)
  Rendered microposts/show.html.erb within layouts/application (Duration: 5.6ms | Allocations: 756)
  Rendered layout layouts/application.html.erb (Duration: 29.5ms | Allocations: 3516)
Completed 200 OK in 91ms (Views: 31.5ms | ActiveRecord: 0.7ms | Allocations: 4888)


Started DELETE "/microposts/1" for 127.0.0.1 at 2022-09-28 09:18:32 +0300
Processing by MicropostsController#destroy as TURBO_STREAM
  Parameters: {"authenticity_token"=>"[FILTERED]", "id"=>"1"}
  [1m[36mMicropost Load (0.6ms)[0m  [1m[34mSELECT "microposts".* FROM "microposts" WHERE "microposts"."id" = $1 LIMIT $2[0m  [["id", 1], ["LIMIT", 1]]
  ↳ app/controllers/microposts_controller.rb:63:in `set_micropost'
  [1m[36mTRANSACTION (0.5ms)[0m  [1m[35mBEGIN[0m
  ↳ app/controllers/microposts_controller.rb:52:in `destroy'
  [1m[36mMicropost Destroy (1.6ms)[0m  [1m[31mDELETE FROM "microposts" WHERE "microposts"."id" = $1[0m  [["id", 1]]
  ↳ app/controllers/microposts_controller.rb:52:in `destroy'
  [1m[36mTRANSACTION (1.1ms)[0m  [1m[35mCOMMIT[0m
  ↳ app/controllers/microposts_controller.rb:52:in `destroy'
Redirected to http://127.0.0.1:3000/microposts
Completed 302 Found in 31ms (ActiveRecord: 3.8ms | Allocations: 2232)


Started GET "/microposts" for 127.0.0.1 at 2022-09-28 09:18:33 +0300
Processing by MicropostsController#index as TURBO_STREAM
  Rendering layout layouts/application.html.erb
  Rendering microposts/index.html.erb within layouts/application
  [1m[36mMicropost Load (0.6ms)[0m  [1m[34mSELECT "microposts".* FROM "microposts"[0m
  ↳ app/views/microposts/index.html.erb:6
  Rendered microposts/index.html.erb within layouts/application (Duration: 5.5ms | Allocations: 756)
  Rendered layout layouts/application.html.erb (Duration: 26.0ms | Allocations: 3517)
Completed 200 OK in 38ms (Views: 29.6ms | ActiveRecord: 0.6ms | Allocations: 3797)


Started GET "/microposts/new" for 127.0.0.1 at 2022-09-28 09:18:34 +0300
Processing by MicropostsController#new as HTML
  Rendering layout layouts/application.html.erb
  Rendering microposts/new.html.erb within layouts/application
  Rendered microposts/_form.html.erb (Duration: 324.1ms | Allocations: 7376)
  Rendered microposts/new.html.erb within layouts/application (Duration: 332.9ms | Allocations: 7657)
  Rendered layout layouts/application.html.erb (Duration: 373.8ms | Allocations: 10412)
Completed 200 OK in 393ms (Views: 378.8ms | ActiveRecord: 0.0ms | Allocations: 10742)


Started POST "/microposts" for 127.0.0.1 at 2022-09-28 09:18:42 +0300
Processing by MicropostsController#create as TURBO_STREAM
  Parameters: {"authenticity_token"=>"[FILTERED]", "micropost"=>{"content"=>"rghjjyrtgreetyuk", "user_id"=>"1"}, "commit"=>"Create Micropost"}
  [1m[36mTRANSACTION (0.4ms)[0m  [1m[35mBEGIN[0m
  ↳ app/controllers/microposts_controller.rb:27:in `block in create'
  [1m[36mUser Load (0.9ms)[0m  [1m[34mSELECT "users".* FROM "users" WHERE "users"."id" = $1 LIMIT $2[0m  [["id", 1], ["LIMIT", 1]]
  ↳ app/controllers/microposts_controller.rb:27:in `block in create'
  [1m[36mTRANSACTION (0.5ms)[0m  [1m[31mROLLBACK[0m
  ↳ app/controllers/microposts_controller.rb:27:in `block in create'
  Rendering layout layouts/application.html.erb
  Rendering microposts/new.html.erb within layouts/application
  Rendered microposts/_form.html.erb (Duration: 6.9ms | Allocations: 1355)
  Rendered microposts/new.html.erb within layouts/application (Duration: 8.2ms | Allocations: 1436)
  Rendered layout layouts/application.html.erb (Duration: 41.2ms | Allocations: 4186)
Completed 422 Unprocessable Entity in 116ms (Views: 44.0ms | ActiveRecord: 1.7ms | Allocations: 10757)


Started POST "/microposts" for 127.0.0.1 at 2022-09-28 09:18:52 +0300
Processing by MicropostsController#create as TURBO_STREAM
  Parameters: {"authenticity_token"=>"[FILTERED]", "micropost"=>{"content"=>"rghjjyrtgreetyuk", "user_id"=>"2"}, "commit"=>"Create Micropost"}
  [1m[36mTRANSACTION (0.4ms)[0m  [1m[35mBEGIN[0m
  ↳ app/controllers/microposts_controller.rb:27:in `block in create'
  [1m[36mUser Load (0.7ms)[0m  [1m[34mSELECT "users".* FROM "users" WHERE "users"."id" = $1 LIMIT $2[0m  [["id", 2], ["LIMIT", 1]]
  ↳ app/controllers/microposts_controller.rb:27:in `block in create'
  [1m[36mTRANSACTION (0.4ms)[0m  [1m[31mROLLBACK[0m
  ↳ app/controllers/microposts_controller.rb:27:in `block in create'
  Rendering layout layouts/application.html.erb
  Rendering microposts/new.html.erb within layouts/application
  Rendered microposts/_form.html.erb (Duration: 6.3ms | Allocations: 1276)
  Rendered microposts/new.html.erb within layouts/application (Duration: 7.7ms | Allocations: 1357)
  Rendered layout layouts/application.html.erb (Duration: 43.4ms | Allocations: 4094)
Completed 422 Unprocessable Entity in 76ms (Views: 49.2ms | ActiveRecord: 1.6ms | Allocations: 6989)


Started POST "/microposts" for 127.0.0.1 at 2022-09-28 09:18:56 +0300
Processing by MicropostsController#create as TURBO_STREAM
  Parameters: {"authenticity_token"=>"[FILTERED]", "micropost"=>{"content"=>"rghjjyrtgreetyuk", "user_id"=>"3"}, "commit"=>"Create Micropost"}
  [1m[36mTRANSACTION (0.5ms)[0m  [1m[35mBEGIN[0m
  ↳ app/controllers/microposts_controller.rb:27:in `block in create'
  [1m[36mUser Load (0.6ms)[0m  [1m[34mSELECT "users".* FROM "users" WHERE "users"."id" = $1 LIMIT $2[0m  [["id", 3], ["LIMIT", 1]]
  ↳ app/controllers/microposts_controller.rb:27:in `block in create'
  [1m[36mMicropost Create (1.4ms)[0m  [1m[32mINSERT INTO "microposts" ("content", "user_id", "created_at", "updated_at") VALUES ($1, $2, $3, $4) RETURNING "id"[0m  [["content", "rghjjyrtgreetyuk"], ["user_id", 3], ["created_at", "2022-09-28 06:18:57.009293"], ["updated_at", "2022-09-28 06:18:57.009293"]]
  ↳ app/controllers/microposts_controller.rb:27:in `block in create'
  [1m[36mTRANSACTION (6.8ms)[0m  [1m[35mCOMMIT[0m
  ↳ app/controllers/microposts_controller.rb:27:in `block in create'
Redirected to http://127.0.0.1:3000/microposts/2
Completed 302 Found in 44ms (ActiveRecord: 9.2ms | Allocations: 3082)


Started GET "/microposts/2" for 127.0.0.1 at 2022-09-28 09:18:57 +0300
Processing by MicropostsController#show as TURBO_STREAM
  Parameters: {"id"=>"2"}
  [1m[36mMicropost Load (0.7ms)[0m  [1m[34mSELECT "microposts".* FROM "microposts" WHERE "microposts"."id" = $1 LIMIT $2[0m  [["id", 2], ["LIMIT", 1]]
  ↳ app/controllers/microposts_controller.rb:63:in `set_micropost'
  Rendering layout layouts/application.html.erb
  Rendering microposts/show.html.erb within layouts/application
  Rendered microposts/_micropost.html.erb (Duration: 0.2ms | Allocations: 19)
  Rendered microposts/show.html.erb within layouts/application (Duration: 4.2ms | Allocations: 596)
  Rendered layout layouts/application.html.erb (Duration: 39.7ms | Allocations: 3333)
Completed 200 OK in 73ms (Views: 45.1ms | ActiveRecord: 0.7ms | Allocations: 4082)


